[2026-06-09 23:33:25] AVISO: linha 2 inválida no CSV — could not convert string to float: '−60.021'
[2026-06-09 23:33:25] Teste automatizado concluído com sucesso.
[2026-06-09 21:02:10] Sistema Vitalis iniciado.
[2026-06-09 21:02:15] Sistema encerrado pelo usuário.
[2026-06-09 21:02:30] Sistema Vitalis iniciado.
[2026-06-09 21:02:35] Sistema encerrado pelo usuário.
[2026-06-09 21:03:55] Sistema Vitalis iniciado.
[2026-06-09 21:03:57] Sistema encerrado pelo usuário.
[2026-06-09 21:04:14] Sistema Vitalis iniciado.
[2026-06-09 21:04:17] Sistema Vitalis iniciado.
[2026-06-09 21:04:32] Sistema Vitalis iniciado.
[2026-06-09 21:05:02] Sistema encerrado pelo usuário.
[2026-06-09 21:05:37] Sistema Vitalis iniciado.
[2026-06-09 21:05:44] Sistema encerrado pelo usuário.
[2026-06-09 21:05:46] Sistema Vitalis iniciado.
[2026-06-09 21:06:58] Sistema encerrado pelo usuário.
[2026-06-09 21:06:59] Sistema Vitalis iniciado.
[2026-06-09 21:12:13] Sistema encerrado pelo usuário.
[2026-06-09 21:12:16] Sistema Vitalis iniciado.
[2026-06-09 21:12:19] Dados carregados: 30 regiões.
[2026-06-09 21:12:25] IGSE calculado para todas as regiões.
[2026-06-09 21:13:36] Sistema Vitalis iniciado.
[2026-06-09 21:13:39] Dados carregados: 30 regiões.
[2026-06-09 21:15:11] Sistema Vitalis iniciado.
[2026-06-09 21:15:12] Dados carregados: 30 regiões.
[2026-06-09 21:16:33] Sistema Vitalis iniciado.
[2026-06-09 21:16:35] Dados carregados: 30 regiões.
[2026-06-09 21:17:44] Sistema Vitalis iniciado.
[2026-06-09 21:17:50] Sistema encerrado pelo usuário.
[2026-06-09 21:17:52] Sistema Vitalis iniciado.
[2026-06-09 21:17:53] Dados carregados: 30 regiões.
[2026-06-09 21:18:24] Sistema encerrado pelo usuário.
[2026-06-09 21:18:26] Sistema Vitalis iniciado.
